Using pre-set license
Built from '2021.1/staging' branch; Version is '2021.1.21f1 (f2d5d3c59f8c) revision 15914451'; Using compiler version '192528614'; Build Type 'Release'
OS: 'Windows 10 Education; OS build 19043.1083; Version 2009; 64bit' Language: 'de' Physical Memory: 16159 MB
BatchMode: 1, IsHumanControllingUs: 0, StartBugReporterOnCrash: 0, Is64bit: 1, IsPro: 0

COMMAND LINE ARGUMENTS:
C:\Program Files\Unity\Hub\Editor\2021.1.21f1\Editor\Unity.exe
-adb2
-batchMode
-noUpm
-name
AssetImportWorker0
-projectPath
C:/Users/anton.prem/Documents/Unity/jahresprojekt
-logFile
Logs/AssetImportWorker0.log
-srvPort
55741
Successfully changed project path to: C:/Users/anton.prem/Documents/Unity/jahresprojekt
C:/Users/anton.prem/Documents/Unity/jahresprojekt
Using Asset Import Pipeline V2.
Refreshing native plugins compatible for Editor in 149.81 ms, found 4 plugins.
Preloading 0 native plugins for Editor in 0.00 ms.
Initialize engine version: 2021.1.21f1 (f2d5d3c59f8c)
[Subsystems] Discovering subsystems at path C:/Program Files/Unity/Hub/Editor/2021.1.21f1/Editor/Data/Resources/UnitySubsystems
[Subsystems] Discovering subsystems at path C:/Users/anton.prem/Documents/Unity/jahresprojekt/Assets
GfxDevice: creating device client; threaded=0; jobified=0
Direct3D:
    Version:  Direct3D 11.0 [level 11.1]
    Renderer: Intel(R) UHD Graphics 630 (ID=0x9bc8)
    Vendor:   Intel
    VRAM:     8079 MB
    Driver:   27.20.100.8984
Initialize mono
Mono path[0] = 'C:/Program Files/Unity/Hub/Editor/2021.1.21f1/Editor/Data/Managed'
Mono path[1] = 'C:/Program Files/Unity/Hub/Editor/2021.1.21f1/Editor/Data/MonoBleedingEdge/lib/mono/unityjit'
Mono config path = 'C:/Program Files/Unity/Hub/Editor/2021.1.21f1/Editor/Data/MonoBleedingEdge/etc'
Using monoOptions --debugger-agent=transport=dt_socket,embedding=1,server=y,suspend=n,address=127.0.0.1:56660
Begin MonoManager ReloadAssembly
Registering precompiled unity dll's ...
Register platform support module: C:/Program Files/Unity/Hub/Editor/2021.1.21f1/Editor/Data/PlaybackEngines/WindowsStandaloneSupport/UnityEditor.WindowsStandalone.Extensions.dll
Registered in 0.001797 seconds.
Native extension for WindowsStandalone target not found
Refreshing native plugins compatible for Editor in 93.54 ms, found 4 plugins.
Preloading 0 native plugins for Editor in 0.00 ms.
Mono: successfully reloaded assembly
- Completed reload, in  1.158 seconds
Domain Reload Profiling:
	ReloadAssembly (1158ms)
		BeginReloadAssembly (59ms)
			ExecutionOrderSort (0ms)
			DisableScriptedObjects (0ms)
			BackupInstance (0ms)
			ReleaseScriptingObjects (0ms)
			CreateAndSetChildDomain (1ms)
		EndReloadAssembly (462ms)
			LoadAssemblies (57ms)
			RebuildTransferFunctionScriptingTraits (0ms)
			SetupTypeCache (155ms)
			ReleaseScriptCaches (0ms)
			RebuildScriptCaches (29ms)
			SetupLoadedEditorAssemblies (235ms)
				LogAssemblyErrors (0ms)
				InitializePlatformSupportModulesInManaged (6ms)
				SetLoadedEditorAssemblies (0ms)
				RefreshPlugins (94ms)
				BeforeProcessingInitializeOnLoad (1ms)
				ProcessInitializeOnLoadAttributes (106ms)
				ProcessInitializeOnLoadMethodAttributes (29ms)
				AfterProcessingInitializeOnLoad (0ms)
				EditorAssembliesLoaded (0ms)
			ExecutionOrderSort2 (0ms)
			AwakeInstancesAfterBackupRestoration (0ms)
Platform modules already initialized, skipping
Registering precompiled user dll's ...
Registered in 0.006435 seconds.
Begin MonoManager ReloadAssembly
Symbol file LoadedFromMemory doesn't match image C:\Users\anton.prem\Documents\Unity\jahresprojekt\Library\PackageCache\com.unity.visualscripting@1.6.1\Editor\VisualScripting.Core\Dependencies\YamlDotNet\Unity.VisualScripting.YamlDotNet.dll
Symbol file LoadedFromMemory doesn't match image C:\Users\anton.prem\Documents\Unity\jahresprojekt\Library\PackageCache\com.unity.visualscripting@1.6.1\Editor\VisualScripting.Core\Dependencies\DotNetZip\Unity.VisualScripting.IonicZip.dll
Native extension for WindowsStandalone target not found
Refreshing native plugins compatible for Editor in 92.78 ms, found 4 plugins.
Preloading 0 native plugins for Editor in 0.00 ms.
Mono: successfully reloaded assembly
- Completed reload, in  1.224 seconds
Domain Reload Profiling:
	ReloadAssembly (1225ms)
		BeginReloadAssembly (149ms)
			ExecutionOrderSort (0ms)
			DisableScriptedObjects (4ms)
			BackupInstance (0ms)
			ReleaseScriptingObjects (0ms)
			CreateAndSetChildDomain (18ms)
		EndReloadAssembly (1019ms)
			LoadAssemblies (98ms)
			RebuildTransferFunctionScriptingTraits (0ms)
			SetupTypeCache (356ms)
			ReleaseScriptCaches (1ms)
			RebuildScriptCaches (50ms)
			SetupLoadedEditorAssemblies (428ms)
				LogAssemblyErrors (0ms)
				InitializePlatformSupportModulesInManaged (4ms)
				SetLoadedEditorAssemblies (0ms)
				RefreshPlugins (93ms)
				BeforeProcessingInitializeOnLoad (87ms)
				ProcessInitializeOnLoadAttributes (223ms)
				ProcessInitializeOnLoadMethodAttributes (15ms)
				AfterProcessingInitializeOnLoad (6ms)
				EditorAssembliesLoaded (0ms)
			ExecutionOrderSort2 (0ms)
			AwakeInstancesAfterBackupRestoration (6ms)
Platform modules already initialized, skipping
========================================================================
Worker process is ready to serve import requests
Launched and connected shader compiler UnityShaderCompiler.exe after 0.07 seconds
Refreshing native plugins compatible for Editor in 0.71 ms, found 4 plugins.
Preloading 0 native plugins for Editor in 0.00 ms.
Unloading 3798 Unused Serialized files (Serialized files now loaded: 0)
System memory in use before: 140.6 MB.
System memory in use after: 140.8 MB.

Unloading 34 unused Assets to reduce memory usage. Loaded Objects now: 4244.
Total: 3.743900 ms (FindLiveObjects: 0.296900 ms CreateObjectMapping: 0.185900 ms MarkObjects: 3.201400 ms  DeleteObjects: 0.058600 ms)

AssetImportParameters requested are different than current active one (requested -> active):
  custom:framework-win-MediaFoundation: 216162199b28c13a410421893ffa2e32 -> 
  custom:video-decoder-ogg-theora: a1e56fd34408186e4bbccfd4996cb3dc -> 
  custom:container-muxer-webm: aa71ff27fc2769a1b78a27578f13a17b -> 
  custom:container-demuxer-webm: 4f35f7cbe854078d1ac9338744f61a02 -> 
  custom:container-demuxer-ogg: 62fdf1f143b41e24485cea50d1cbac27 -> 
  custom:video-encoder-webm-vp8: eb34c28f22e8b96e1ab97ce403110664 -> 
  custom:video-decoder-webm-vp8: 9c59270c3fd7afecdb556c50c9e8de78 -> 
  custom:audio-decoder-ogg-vorbis: bf7c407c2cedff20999df2af8eb42d56 -> 
  custom:audio-encoder-webm-vorbis: bf7c407c2cedff20999df2af8eb42d56 -> 
========================================================================
Received Import Request.
  path: Assets/Prefabs/Bullet.prefab
  artifactKey: Guid(0fdae1af21ac22a4cbbb123dce853611) Importer(815301076,1909f56bfc062723c751e8b465ee728b)
Start importing Assets/Prefabs/Bullet.prefab using Guid(0fdae1af21ac22a4cbbb123dce853611) Importer(815301076,1909f56bfc062723c751e8b465ee728b)  -> (artifact id: '4c4f5d01d1997b724e7de3bfc209a81a') in 0.108895 seconds 
========================================================================
Received Import Request.
  Time since last request: 0.000308 seconds.
  path: Assets/Prefabs/Player.prefab
  artifactKey: Guid(c52d83d332fc97a498cf0ee88c70a9a3) Importer(815301076,1909f56bfc062723c751e8b465ee728b)
Start importing Assets/Prefabs/Player.prefab using Guid(c52d83d332fc97a498cf0ee88c70a9a3) Importer(815301076,1909f56bfc062723c751e8b465ee728b)  -> (artifact id: 'dc5dce3068db6bc52ec3014246631854') in 0.018839 seconds 
========================================================================
Received Import Request.
  Time since last request: 74.346788 seconds.
  path: Assets/ground.png
  artifactKey: Guid(87b3ad2bd4ca86943846834ad576c08f) Importer(815301076,1909f56bfc062723c751e8b465ee728b)
Start importing Assets/ground.png using Guid(87b3ad2bd4ca86943846834ad576c08f) Importer(815301076,1909f56bfc062723c751e8b465ee728b)  -> (artifact id: 'a747fc93dca10ac9ad44c2057a73acfe') in 0.032807 seconds 
========================================================================
Received Import Request.
  Time since last request: 0.000389 seconds.
  path: Assets/New Terrain.asset
  artifactKey: Guid(bc7be68083b951448a9e5251079304df) Importer(815301076,1909f56bfc062723c751e8b465ee728b)
Start importing Assets/New Terrain.asset using Guid(bc7be68083b951448a9e5251079304df) Importer(815301076,1909f56bfc062723c751e8b465ee728b)  -> (artifact id: '89bf754ab27a75725c1e6b7185371635') in 0.015409 seconds 
========================================================================
Received Import Request.
  Time since last request: 2.506048 seconds.
  path: Assets/temp.unity
  artifactKey: Guid(cdc19c97911e7754d8c8ea8455f7c687) Importer(815301076,1909f56bfc062723c751e8b465ee728b)
Start importing Assets/temp.unity using Guid(cdc19c97911e7754d8c8ea8455f7c687) Importer(815301076,1909f56bfc062723c751e8b465ee728b)  -> (artifact id: 'a0d7f8fa41c354cfb465864bc30574e0') in 0.006131 seconds 
========================================================================
Received Import Request.
  Time since last request: 29.768201 seconds.
  path: Assets/Prefabs
  artifactKey: Guid(1bc4408efa1b645408c3f13d325bedd8) Importer(815301076,1909f56bfc062723c751e8b465ee728b)
Start importing Assets/Prefabs using Guid(1bc4408efa1b645408c3f13d325bedd8) Importer(815301076,1909f56bfc062723c751e8b465ee728b)  -> (artifact id: 'b0ee9a27def821ea554b1def43357994') in 0.009173 seconds 
========================================================================
Received Import Request.
  Time since last request: 14.429973 seconds.
  path: Assets/Prefabs/player 1.prefab
  artifactKey: Guid(b80afa7e3b39fec42944245d6a62f3e7) Importer(815301076,1909f56bfc062723c751e8b465ee728b)
Start importing Assets/Prefabs/player 1.prefab using Guid(b80afa7e3b39fec42944245d6a62f3e7) Importer(815301076,1909f56bfc062723c751e8b465ee728b)  -> (artifact id: '32b86267193a17281b032d47b694b85c') in 0.016236 seconds 
========================================================================
Received Import Request.
  Time since last request: 5.288689 seconds.
  path: Assets/shoot.cs
  artifactKey: Guid(5eb4193b0d76fcd4b93bd4e08ed8c383) Importer(815301076,1909f56bfc062723c751e8b465ee728b)
Start importing Assets/shoot.cs using Guid(5eb4193b0d76fcd4b93bd4e08ed8c383) Importer(815301076,1909f56bfc062723c751e8b465ee728b)  -> (artifact id: '55269d39a38cf8b75b73aedd949c2b4c') in 0.023069 seconds 
========================================================================
Received Prepare
Registering precompiled user dll's ...
Registered in 0.006040 seconds.
Begin MonoManager ReloadAssembly
Symbol file LoadedFromMemory doesn't match image C:\Users\anton.prem\Documents\Unity\jahresprojekt\Library\PackageCache\com.unity.visualscripting@1.6.1\Editor\VisualScripting.Core\Dependencies\YamlDotNet\Unity.VisualScripting.YamlDotNet.dll
Symbol file LoadedFromMemory doesn't match image C:\Users\anton.prem\Documents\Unity\jahresprojekt\Library\PackageCache\com.unity.visualscripting@1.6.1\Editor\VisualScripting.Core\Dependencies\DotNetZip\Unity.VisualScripting.IonicZip.dll
Native extension for WindowsStandalone target not found
Refreshing native plugins compatible for Editor in 0.72 ms, found 4 plugins.
Preloading 0 native plugins for Editor in 0.00 ms.
Mono: successfully reloaded assembly
- Completed reload, in  1.129 seconds
Domain Reload Profiling:
	ReloadAssembly (1129ms)
		BeginReloadAssembly (122ms)
			ExecutionOrderSort (0ms)
			DisableScriptedObjects (6ms)
			BackupInstance (0ms)
			ReleaseScriptingObjects (0ms)
			CreateAndSetChildDomain (41ms)
		EndReloadAssembly (942ms)
			LoadAssemblies (100ms)
			RebuildTransferFunctionScriptingTraits (0ms)
			SetupTypeCache (392ms)
			ReleaseScriptCaches (1ms)
			RebuildScriptCaches (48ms)
			SetupLoadedEditorAssemblies (298ms)
				LogAssemblyErrors (0ms)
				InitializePlatformSupportModulesInManaged (6ms)
				SetLoadedEditorAssemblies (0ms)
				RefreshPlugins (1ms)
				BeforeProcessingInitializeOnLoad (70ms)
				ProcessInitializeOnLoadAttributes (204ms)
				ProcessInitializeOnLoadMethodAttributes (11ms)
				AfterProcessingInitializeOnLoad (7ms)
				EditorAssembliesLoaded (0ms)
			ExecutionOrderSort2 (0ms)
			AwakeInstancesAfterBackupRestoration (17ms)
Platform modules already initialized, skipping
Refreshing native plugins compatible for Editor in 0.74 ms, found 4 plugins.
Preloading 0 native plugins for Editor in 0.00 ms.
Unloading 3790 Unused Serialized files (Serialized files now loaded: 0)
System memory in use before: 144.8 MB.
System memory in use after: 145.1 MB.

Unloading 22 unused Assets to reduce memory usage. Loaded Objects now: 4272.
Total: 4.747900 ms (FindLiveObjects: 0.543400 ms CreateObjectMapping: 0.257400 ms MarkObjects: 3.920600 ms  DeleteObjects: 0.025200 ms)

AssetImportParameters requested are different than current active one (requested -> active):
  custom:framework-win-MediaFoundation: 216162199b28c13a410421893ffa2e32 -> 
  custom:video-decoder-ogg-theora: a1e56fd34408186e4bbccfd4996cb3dc -> 
  custom:container-muxer-webm: aa71ff27fc2769a1b78a27578f13a17b -> 
  custom:container-demuxer-webm: 4f35f7cbe854078d1ac9338744f61a02 -> 
  custom:container-demuxer-ogg: 62fdf1f143b41e24485cea50d1cbac27 -> 
  custom:video-encoder-webm-vp8: eb34c28f22e8b96e1ab97ce403110664 -> 
  custom:video-decoder-webm-vp8: 9c59270c3fd7afecdb556c50c9e8de78 -> 
  custom:audio-decoder-ogg-vorbis: bf7c407c2cedff20999df2af8eb42d56 -> 
  custom:audio-encoder-webm-vorbis: bf7c407c2cedff20999df2af8eb42d56 -> 
========================================================================
Received Import Request.
  Time since last request: 234.069324 seconds.
  path: Assets/Scenes
  artifactKey: Guid(131a6b21c8605f84396be9f6751fb6e3) Importer(815301076,1909f56bfc062723c751e8b465ee728b)
Start importing Assets/Scenes using Guid(131a6b21c8605f84396be9f6751fb6e3) Importer(815301076,1909f56bfc062723c751e8b465ee728b)  -> (artifact id: 'ffae677c86e903bacef8065336249a81') in 0.013754 seconds 
========================================================================
Received Import Request.
  Time since last request: 5.959162 seconds.
  path: Assets/Bullet.cs
  artifactKey: Guid(05ee7a7ba9a0daf4d87f9710d410f2b5) Importer(815301076,1909f56bfc062723c751e8b465ee728b)
Start importing Assets/Bullet.cs using Guid(05ee7a7ba9a0daf4d87f9710d410f2b5) Importer(815301076,1909f56bfc062723c751e8b465ee728b)  -> (artifact id: '3a78887fb6c91cd661e542bd16931c3b') in 0.002395 seconds 
========================================================================
Received Import Request.
  Time since last request: 7.997838 seconds.
  path: Assets/bullet.cs
  artifactKey: Guid(05ee7a7ba9a0daf4d87f9710d410f2b5) Importer(815301076,1909f56bfc062723c751e8b465ee728b)
Start importing Assets/bullet.cs using Guid(05ee7a7ba9a0daf4d87f9710d410f2b5) Importer(815301076,1909f56bfc062723c751e8b465ee728b)  -> (artifact id: '115c0470221c5d39a6cbbe3c4dfaeeb8') in 0.007984 seconds 
========================================================================
Received Prepare
Registering precompiled user dll's ...
Registered in 0.006078 seconds.
Begin MonoManager ReloadAssembly
Symbol file LoadedFromMemory doesn't match image C:\Users\anton.prem\Documents\Unity\jahresprojekt\Library\PackageCache\com.unity.visualscripting@1.6.1\Editor\VisualScripting.Core\Dependencies\YamlDotNet\Unity.VisualScripting.YamlDotNet.dll
Symbol file LoadedFromMemory doesn't match image C:\Users\anton.prem\Documents\Unity\jahresprojekt\Library\PackageCache\com.unity.visualscripting@1.6.1\Editor\VisualScripting.Core\Dependencies\DotNetZip\Unity.VisualScripting.IonicZip.dll
Native extension for WindowsStandalone target not found
Refreshing native plugins compatible for Editor in 0.73 ms, found 4 plugins.
Preloading 0 native plugins for Editor in 0.00 ms.
Mono: successfully reloaded assembly
- Completed reload, in  1.129 seconds
Domain Reload Profiling:
	ReloadAssembly (1129ms)
		BeginReloadAssembly (126ms)
			ExecutionOrderSort (0ms)
			DisableScriptedObjects (7ms)
			BackupInstance (0ms)
			ReleaseScriptingObjects (0ms)
			CreateAndSetChildDomain (38ms)
		EndReloadAssembly (946ms)
			LoadAssemblies (108ms)
			RebuildTransferFunctionScriptingTraits (0ms)
			SetupTypeCache (403ms)
			ReleaseScriptCaches (1ms)
			RebuildScriptCaches (46ms)
			SetupLoadedEditorAssemblies (277ms)
				LogAssemblyErrors (0ms)
				InitializePlatformSupportModulesInManaged (4ms)
				SetLoadedEditorAssemblies (0ms)
				RefreshPlugins (1ms)
				BeforeProcessingInitializeOnLoad (64ms)
				ProcessInitializeOnLoadAttributes (192ms)
				ProcessInitializeOnLoadMethodAttributes (9ms)
				AfterProcessingInitializeOnLoad (6ms)
				EditorAssembliesLoaded (0ms)
			ExecutionOrderSort2 (0ms)
			AwakeInstancesAfterBackupRestoration (15ms)
Platform modules already initialized, skipping
Refreshing native plugins compatible for Editor in 0.84 ms, found 4 plugins.
Preloading 0 native plugins for Editor in 0.00 ms.
Unloading 3789 Unused Serialized files (Serialized files now loaded: 0)
System memory in use before: 144.9 MB.
System memory in use after: 145.1 MB.

Unloading 22 unused Assets to reduce memory usage. Loaded Objects now: 4275.
Total: 3.647600 ms (FindLiveObjects: 0.308300 ms CreateObjectMapping: 0.193500 ms MarkObjects: 3.124600 ms  DeleteObjects: 0.019900 ms)

AssetImportParameters requested are different than current active one (requested -> active):
  custom:framework-win-MediaFoundation: 216162199b28c13a410421893ffa2e32 -> 
  custom:video-decoder-ogg-theora: a1e56fd34408186e4bbccfd4996cb3dc -> 
  custom:container-muxer-webm: aa71ff27fc2769a1b78a27578f13a17b -> 
  custom:container-demuxer-webm: 4f35f7cbe854078d1ac9338744f61a02 -> 
  custom:container-demuxer-ogg: 62fdf1f143b41e24485cea50d1cbac27 -> 
  custom:video-encoder-webm-vp8: eb34c28f22e8b96e1ab97ce403110664 -> 
  custom:video-decoder-webm-vp8: 9c59270c3fd7afecdb556c50c9e8de78 -> 
  custom:audio-decoder-ogg-vorbis: bf7c407c2cedff20999df2af8eb42d56 -> 
  custom:audio-encoder-webm-vorbis: bf7c407c2cedff20999df2af8eb42d56 -> 
========================================================================
Received Import Request.
  Time since last request: 24.368030 seconds.
  path: Assets/bullet.cs
  artifactKey: Guid(05ee7a7ba9a0daf4d87f9710d410f2b5) Importer(815301076,1909f56bfc062723c751e8b465ee728b)
Start importing Assets/bullet.cs using Guid(05ee7a7ba9a0daf4d87f9710d410f2b5) Importer(815301076,1909f56bfc062723c751e8b465ee728b)  -> (artifact id: '67900bffbf6a17e471fe67287ce765d7') in 0.008764 seconds 
========================================================================
Received Prepare
Registering precompiled user dll's ...
Registered in 0.006115 seconds.
Begin MonoManager ReloadAssembly
Symbol file LoadedFromMemory doesn't match image C:\Users\anton.prem\Documents\Unity\jahresprojekt\Library\PackageCache\com.unity.visualscripting@1.6.1\Editor\VisualScripting.Core\Dependencies\YamlDotNet\Unity.VisualScripting.YamlDotNet.dll
Symbol file LoadedFromMemory doesn't match image C:\Users\anton.prem\Documents\Unity\jahresprojekt\Library\PackageCache\com.unity.visualscripting@1.6.1\Editor\VisualScripting.Core\Dependencies\DotNetZip\Unity.VisualScripting.IonicZip.dll
Native extension for WindowsStandalone target not found
Refreshing native plugins compatible for Editor in 1.01 ms, found 4 plugins.
Preloading 0 native plugins for Editor in 0.00 ms.
Mono: successfully reloaded assembly
- Completed reload, in  1.072 seconds
Domain Reload Profiling:
	ReloadAssembly (1072ms)
		BeginReloadAssembly (122ms)
			ExecutionOrderSort (0ms)
			DisableScriptedObjects (7ms)
			BackupInstance (0ms)
			ReleaseScriptingObjects (0ms)
			CreateAndSetChildDomain (38ms)
		EndReloadAssembly (893ms)
			LoadAssemblies (100ms)
			RebuildTransferFunctionScriptingTraits (0ms)
			SetupTypeCache (350ms)
			ReleaseScriptCaches (2ms)
			RebuildScriptCaches (44ms)
			SetupLoadedEditorAssemblies (295ms)
				LogAssemblyErrors (0ms)
				InitializePlatformSupportModulesInManaged (5ms)
				SetLoadedEditorAssemblies (0ms)
				RefreshPlugins (1ms)
				BeforeProcessingInitializeOnLoad (66ms)
				ProcessInitializeOnLoadAttributes (207ms)
				ProcessInitializeOnLoadMethodAttributes (8ms)
				AfterProcessingInitializeOnLoad (6ms)
				EditorAssembliesLoaded (0ms)
			ExecutionOrderSort2 (0ms)
			AwakeInstancesAfterBackupRestoration (14ms)
Platform modules already initialized, skipping
Refreshing native plugins compatible for Editor in 0.68 ms, found 4 plugins.
Preloading 0 native plugins for Editor in 0.00 ms.
Unloading 3789 Unused Serialized files (Serialized files now loaded: 0)
System memory in use before: 144.9 MB.
System memory in use after: 145.1 MB.

Unloading 22 unused Assets to reduce memory usage. Loaded Objects now: 4278.
Total: 3.727500 ms (FindLiveObjects: 0.335200 ms CreateObjectMapping: 0.176100 ms MarkObjects: 3.167400 ms  DeleteObjects: 0.048000 ms)

AssetImportParameters requested are different than current active one (requested -> active):
  custom:framework-win-MediaFoundation: 216162199b28c13a410421893ffa2e32 -> 
  custom:video-decoder-ogg-theora: a1e56fd34408186e4bbccfd4996cb3dc -> 
  custom:container-muxer-webm: aa71ff27fc2769a1b78a27578f13a17b -> 
  custom:container-demuxer-webm: 4f35f7cbe854078d1ac9338744f61a02 -> 
  custom:container-demuxer-ogg: 62fdf1f143b41e24485cea50d1cbac27 -> 
  custom:video-encoder-webm-vp8: eb34c28f22e8b96e1ab97ce403110664 -> 
  custom:video-decoder-webm-vp8: 9c59270c3fd7afecdb556c50c9e8de78 -> 
  custom:audio-decoder-ogg-vorbis: bf7c407c2cedff20999df2af8eb42d56 -> 
  custom:audio-encoder-webm-vorbis: bf7c407c2cedff20999df2af8eb42d56 -> 
========================================================================
Received Import Request.
  Time since last request: 151.965251 seconds.
  path: Assets/Prefabs/Bullet.prefab
  artifactKey: Guid(0fdae1af21ac22a4cbbb123dce853611) Importer(815301076,1909f56bfc062723c751e8b465ee728b)
Start importing Assets/Prefabs/Bullet.prefab using Guid(0fdae1af21ac22a4cbbb123dce853611) Importer(815301076,1909f56bfc062723c751e8b465ee728b)  -> (artifact id: '39f67691cdb1d8bd263e49ac038ddd62') in 0.048920 seconds 
========================================================================
Received Import Request.
  Time since last request: 17.263585 seconds.
  path: Assets/mouse.cs
  artifactKey: Guid(70553ab33a2973b40875a049c743105c) Importer(815301076,1909f56bfc062723c751e8b465ee728b)
Start importing Assets/mouse.cs using Guid(70553ab33a2973b40875a049c743105c) Importer(815301076,1909f56bfc062723c751e8b465ee728b)  -> (artifact id: '1d2b00f6408ce144380a731bebe90c7a') in 0.007143 seconds 
========================================================================
Received Import Request.
  Time since last request: 1.898602 seconds.
  path: Assets/movement.cs
  artifactKey: Guid(3b944f8dec43b4d4e92313c9abf5f6ae) Importer(815301076,1909f56bfc062723c751e8b465ee728b)
Start importing Assets/movement.cs using Guid(3b944f8dec43b4d4e92313c9abf5f6ae) Importer(815301076,1909f56bfc062723c751e8b465ee728b)  -> (artifact id: 'ed3db2082c5678441144c857debb21b3') in 0.010824 seconds 
========================================================================
Received Import Request.
  Time since last request: 1.486784 seconds.
  path: Assets/playercam.cs
  artifactKey: Guid(63e6b299e3cdd9349b18adc7029c4508) Importer(815301076,1909f56bfc062723c751e8b465ee728b)
Start importing Assets/playercam.cs using Guid(63e6b299e3cdd9349b18adc7029c4508) Importer(815301076,1909f56bfc062723c751e8b465ee728b)  -> (artifact id: 'ce1ff09782ad33c5edaeda721ea082f8') in 0.008371 seconds 
========================================================================
Received Import Request.
  Time since last request: 1.799535 seconds.
  path: Assets/please.cs
  artifactKey: Guid(7c89f2e6f94e2704fb83d9662c8cb620) Importer(815301076,1909f56bfc062723c751e8b465ee728b)
Start importing Assets/please.cs using Guid(7c89f2e6f94e2704fb83d9662c8cb620) Importer(815301076,1909f56bfc062723c751e8b465ee728b)  -> (artifact id: 'cb4b8c9571f0f99f1b27098824993233') in 0.010156 seconds 
========================================================================
Received Import Request.
  Time since last request: 32.076783 seconds.
  path: Assets/Scenes/SampleScene.unity
  artifactKey: Guid(2cda990e2423bbf4892e6590ba056729) Importer(815301076,1909f56bfc062723c751e8b465ee728b)
Start importing Assets/Scenes/SampleScene.unity using Guid(2cda990e2423bbf4892e6590ba056729) Importer(815301076,1909f56bfc062723c751e8b465ee728b)  -> (artifact id: 'a98fb5260e1ab4c87e973778596b2364') in 0.007310 seconds 
========================================================================
Received Import Request.
  Time since last request: 60.329006 seconds.
  path: Assets/Scripts
  artifactKey: Guid(f6bf896a1f9aff745b8910d23ba23004) Importer(815301076,1909f56bfc062723c751e8b465ee728b)
Start importing Assets/Scripts using Guid(f6bf896a1f9aff745b8910d23ba23004) Importer(815301076,1909f56bfc062723c751e8b465ee728b)  -> (artifact id: 'a8a049c130d51896a4445aabad01fd53') in 0.011350 seconds 
========================================================================
Received Import Request.
  Time since last request: 1.183398 seconds.
  path: Assets/Scripts/bullet.cs
  artifactKey: Guid(05ee7a7ba9a0daf4d87f9710d410f2b5) Importer(815301076,1909f56bfc062723c751e8b465ee728b)
Start importing Assets/Scripts/bullet.cs using Guid(05ee7a7ba9a0daf4d87f9710d410f2b5) Importer(815301076,1909f56bfc062723c751e8b465ee728b)  -> (artifact id: '50c4236b6486852e2ea1717b32175540') in 0.002254 seconds 
========================================================================
Received Import Request.
  Time since last request: 14.782103 seconds.
  path: Assets/temp.unity
  artifactKey: Guid(cdc19c97911e7754d8c8ea8455f7c687) Importer(815301076,1909f56bfc062723c751e8b465ee728b)
Start importing Assets/temp.unity using Guid(cdc19c97911e7754d8c8ea8455f7c687) Importer(815301076,1909f56bfc062723c751e8b465ee728b)  -> (artifact id: '3df2a16325171267bd644e28aa479e24') in 0.003783 seconds 
========================================================================
Received Import Request.
  Time since last request: 107.187656 seconds.
  path: Assets/Prefabs/Bullet.prefab
  artifactKey: Guid(0fdae1af21ac22a4cbbb123dce853611) Importer(815301076,1909f56bfc062723c751e8b465ee728b)
Start importing Assets/Prefabs/Bullet.prefab using Guid(0fdae1af21ac22a4cbbb123dce853611) Importer(815301076,1909f56bfc062723c751e8b465ee728b)  -> (artifact id: '8e051dbba92ab8d0c9c2b2a98115e33e') in 0.012898 seconds 
========================================================================
Received Import Request.
  Time since last request: 34.540502 seconds.
  path: Assets/Scripts/NetworkCommandLine.cs
  artifactKey: Guid(974923f3e0f6853478b0c65066bac0d2) Importer(815301076,1909f56bfc062723c751e8b465ee728b)
Start importing Assets/Scripts/NetworkCommandLine.cs using Guid(974923f3e0f6853478b0c65066bac0d2) Importer(815301076,1909f56bfc062723c751e8b465ee728b)  -> (artifact id: 'b85490949a8e918420faa64442b8b58c') in 0.007886 seconds 
========================================================================
Received Import Request.
  Time since last request: 33.271129 seconds.
  path: Assets/Scripts/bullet.cs
  artifactKey: Guid(05ee7a7ba9a0daf4d87f9710d410f2b5) Importer(815301076,1909f56bfc062723c751e8b465ee728b)
Start importing Assets/Scripts/bullet.cs using Guid(05ee7a7ba9a0daf4d87f9710d410f2b5) Importer(815301076,1909f56bfc062723c751e8b465ee728b)  -> (artifact id: 'd185702bf25eb64da585d3af84bbc8a2') in 0.003389 seconds 
========================================================================
Received Import Request.
  Time since last request: 172.342089 seconds.
  path: Assets/Prefabs/player 1.prefab
  artifactKey: Guid(b80afa7e3b39fec42944245d6a62f3e7) Importer(815301076,1909f56bfc062723c751e8b465ee728b)
Start importing Assets/Prefabs/player 1.prefab using Guid(b80afa7e3b39fec42944245d6a62f3e7) Importer(815301076,1909f56bfc062723c751e8b465ee728b)  -> (artifact id: '15b5343f041ac35254f43cc062938dca') in 0.014953 seconds 
========================================================================
Received Import Request.
  Time since last request: 240.449167 seconds.
  path: Assets/Prefabs/player 1.prefab
  artifactKey: Guid(b80afa7e3b39fec42944245d6a62f3e7) Importer(815301076,1909f56bfc062723c751e8b465ee728b)
Start importing Assets/Prefabs/player 1.prefab using Guid(b80afa7e3b39fec42944245d6a62f3e7) Importer(815301076,1909f56bfc062723c751e8b465ee728b)  -> (artifact id: '99c12f18e7bf7abebc48ed1f15eec68b') in 0.012386 seconds 
AssetImportWorkerClient::OnTransportError - code=2 error=End of file
